06:41:21.428 INFO [main]: org.quartz.impl.StdSchedulerFactory [StdSchedulerFactory.java:1208] - Using default implementation for ThreadExecutor
06:41:21.490 INFO [main]: org.quartz.core.SchedulerSignalerImpl [SchedulerSignalerImpl.java:61] - Initialized Scheduler Signaller of type: class org.quartz.core.SchedulerSignalerImpl
06:41:21.490 INFO [main]: org.quartz.core.QuartzScheduler [QuartzScheduler.java:229] - Quartz Scheduler v.2.3.0-SNAPSHOT created.
06:41:21.490 INFO [main]: org.quartz.simpl.RAMJobStore [RAMJobStore.java:155] - RAMJobStore initialized.
06:41:21.490 INFO [main]: org.quartz.core.QuartzScheduler [QuartzScheduler.java:294] - Scheduler meta-data: Quartz Scheduler (v2.3.0-SNAPSHOT) 'QuartzScheduler' with instanceId 'NON_CLUSTERED'
  Scheduler class: 'org.quartz.core.QuartzScheduler' - running locally.
  NOT STARTED.
  Currently in standby mode.
  Number of jobs executed: 0
  Using thread pool 'org.quartz.simpl.SimpleThreadPool' - with 1 threads.
  Using job-store 'org.quartz.simpl.RAMJobStore' - which does not support persistence. and is not clustered.

06:41:21.490 INFO [main]: org.quartz.impl.StdSchedulerFactory [StdSchedulerFactory.java:1362] - Quartz scheduler 'QuartzScheduler' initialized from an externally provided properties instance.
06:41:21.506 INFO [main]: org.quartz.impl.StdSchedulerFactory [StdSchedulerFactory.java:1366] - Quartz scheduler version: 2.3.0-SNAPSHOT
06:41:21.506 INFO [main]: org.quartz.core.QuartzScheduler [QuartzScheduler.java:547] - Scheduler QuartzScheduler_$_NON_CLUSTERED started.
06:41:21.506 INFO [main]: com.aionemu.loginserver.LoginServer [LoginServer.java:114] - 2022-04-29 06-41-21
06:41:21.506 INFO [main]: com.aionemu.loginserver.configs.Config [Config.java:121] - Loading: myls.properties
06:41:21.521 INFO [main]: com.aionemu.loginserver.configs.Config [Config.java:124] - No override properties found
06:41:21.568 INFO [main]: com.aionemu.loginserver.configs.Config [Config.java:130] - Loading: ./config/network/network.properties
06:41:21.584 INFO [main]: com.aionemu.loginserver.configs.Config [Config.java:132] - Loading: ./config/network/svstats.properties
06:41:21.584 INFO [main]: com.aionemu.loginserver.configs.Config [Config.java:134] - Loading: ./config/network/commons.properties
06:41:21.584 INFO [main]: com.aionemu.loginserver.configs.Config [Config.java:136] - Loading: ./config/network/database.properties
06:41:21.896 INFO [main]: com.aionemu.commons.database.DatabaseFactory [DatabaseFactory.java:122] - Successfully connected to database
06:41:23.521 INFO [main]: com.aionemu.commons.database.dao.DAOManager [DAOManager.java:81] - Loaded 9 DAO implementations.
06:41:23.537 INFO [main]: com.aionemu.loginserver.utils.ThreadPoolManager [ThreadPoolManager.java:65] - ThreadPoolManager: Initialized with 12 scheduler, 6 instant, 0 long running thread(s).
06:41:23.537 INFO [main]: com.aionemu.loginserver.network.ncrypt.KeyGen [KeyGen.java:56] - Initializing Key Generator...
06:41:24.396 INFO [main]: com.aionemu.loginserver.GameServerTable [GameServerTable.java:65] - GameServerTable loaded 1 registered GameServers.
06:41:24.443 INFO [main]: com.aionemu.loginserver.controller.BannedIpController [BannedIpController.java:67] - BannedIpController loaded 0 IP bans.
06:41:24.490 INFO [main]: com.aionemu.commons.network.NioServer [NioServer.java:115] - Server listening on all available IPs on Port 9014 for Gs Connections
06:41:24.490 INFO [main]: com.aionemu.commons.network.NioServer [NioServer.java:115] - Server listening on all available IPs on Port 2106 for Aion Connections
06:41:24.506 INFO [main]: com.aionemu.loginserver.service.PlayerTransferService [PlayerTransferService.java:62] - PlayerTransferService will be initialized in 10 sec.
06:41:24.552 INFO [main]: com.aionemu.loginserver.taskmanager.TaskFromDBManager [TaskFromDBManager.java:37] - Loaded 0 task from the database
06:41:24.552 INFO [main]: com.aionemu.commons.utils.AEInfos [AEInfos.java:117] - OS: Windows Server 2012 R2 Build: 6.3
06:41:24.552 INFO [main]: com.aionemu.commons.utils.AEInfos [AEInfos.java:117] - OS Arch: amd64
06:41:24.552 INFO [main]: com.aionemu.commons.utils.AEInfos [AEInfos.java:117] - ..................................................
06:41:24.552 INFO [main]: com.aionemu.commons.utils.AEInfos [AEInfos.java:117] - ..................................................
06:41:24.552 INFO [main]: com.aionemu.commons.utils.AEInfos [AEInfos.java:111] - Available CPU(s): 4
06:41:24.552 INFO [main]: com.aionemu.commons.utils.AEInfos [AEInfos.java:111] - Processor(s) Identifier: Intel64 Family 6 Model 60 Stepping 3, GenuineIntel
06:41:24.552 INFO [main]: com.aionemu.commons.utils.AEInfos [AEInfos.java:111] - ..................................................
06:41:24.552 INFO [main]: com.aionemu.commons.utils.AEInfos [AEInfos.java:111] - ..................................................
06:41:24.552 INFO [main]: com.aionemu.commons.utils.AEInfos [AEInfos.java:123] - Java Platform Information
06:41:24.552 INFO [main]: com.aionemu.commons.utils.AEInfos [AEInfos.java:123] - Java Runtime  Name: Java(TM) SE Runtime Environment
06:41:24.552 INFO [main]: com.aionemu.commons.utils.AEInfos [AEInfos.java:123] - Java Version: 1.7.0_80
06:41:24.552 INFO [main]: com.aionemu.commons.utils.AEInfos [AEInfos.java:123] - Java Class Version: 51.0
06:41:24.552 INFO [main]: com.aionemu.commons.utils.AEInfos [AEInfos.java:123] - ..................................................
06:41:24.552 INFO [main]: com.aionemu.commons.utils.AEInfos [AEInfos.java:123] - ..................................................
06:41:24.552 INFO [main]: com.aionemu.commons.utils.AEInfos [AEInfos.java:129] - Virtual Machine Information (JVM)
06:41:24.552 INFO [main]: com.aionemu.commons.utils.AEInfos [AEInfos.java:129] - JVM Name: Java HotSpot(TM) 64-Bit Server VM
06:41:24.552 INFO [main]: com.aionemu.commons.utils.AEInfos [AEInfos.java:129] - JVM installation directory: C:\AionCORE\Core\JavaJDK_7\jre
06:41:24.552 INFO [main]: com.aionemu.commons.utils.AEInfos [AEInfos.java:129] - JVM version: 24.80-b11
06:41:24.552 INFO [main]: com.aionemu.commons.utils.AEInfos [AEInfos.java:129] - JVM Vendor: Oracle Corporation
06:41:24.552 INFO [main]: com.aionemu.commons.utils.AEInfos [AEInfos.java:129] - JVM Info: mixed mode
06:41:24.552 INFO [main]: com.aionemu.commons.utils.AEInfos [AEInfos.java:129] - ..................................................
06:41:24.552 INFO [main]: com.aionemu.commons.utils.AEInfos [AEInfos.java:129] - ..................................................
06:41:24.552 INFO [main]: com.aionemu.commons.utils.AEInfos [AEInfos.java:105] - +----
06:41:24.552 INFO [main]: com.aionemu.commons.utils.AEInfos [AEInfos.java:105] - | Global Memory Informations at 6:41:24:
06:41:24.552 INFO [main]: com.aionemu.commons.utils.AEInfos [AEInfos.java:105] - |    |
06:41:24.552 INFO [main]: com.aionemu.commons.utils.AEInfos [AEInfos.java:105] - | Allowed Memory: 116736 KB
06:41:24.552 INFO [main]: com.aionemu.commons.utils.AEInfos [AEInfos.java:105] - |    |= Allocated Memory: 80384 KB (68,8596%)
06:41:24.552 INFO [main]: com.aionemu.commons.utils.AEInfos [AEInfos.java:105] - |    |= Non-Allocated Memory: 36352 KB (31,1404%)
06:41:24.552 INFO [main]: com.aionemu.commons.utils.AEInfos [AEInfos.java:105] - | Allocated Memory: 80384 KB
06:41:24.552 INFO [main]: com.aionemu.commons.utils.AEInfos [AEInfos.java:105] - |    |= Used Memory: 39795 KB (34,0897%)
06:41:24.552 INFO [main]: com.aionemu.commons.utils.AEInfos [AEInfos.java:105] - |    |= Unused (cached) Memory: 40589 KB (34,7699%)
06:41:24.552 INFO [main]: com.aionemu.commons.utils.AEInfos [AEInfos.java:105] - | Useable Memory: 76941 KB (65,9103%)
06:41:24.552 INFO [main]: com.aionemu.commons.utils.AEInfos [AEInfos.java:105] - +----
06:41:24.552 INFO [main]: PREMIUM_CTRL [PremiumController.java:46] - PremiumController is ready for requests.
06:41:24.552 INFO [main]: com.aionemu.loginserver.LoginServer [LoginServer.java:144] - ===================================================
06:41:24.552 INFO [main]: com.aionemu.loginserver.LoginServer [LoginServer.java:145] - Rework and review by G-Robson26
06:41:24.552 INFO [main]: com.aionemu.loginserver.LoginServer [LoginServer.java:146] - ===================================================
06:41:24.552 INFO [main]: com.aionemu.loginserver.LoginServer [LoginServer.java:147] - AL Login Emu started in 3 seconds.
06:41:24.552 INFO [main]: com.aionemu.loginserver.LoginServer [LoginServer.java:148] - ===================================================
06:41:34.572 INFO [pool-2-thread-2]: com.aionemu.loginserver.service.PlayerTransferService [PlayerTransferService.java:70] - PlayerTransfer perform task init. 0 new tasks.
06:42:26.354 INFO [AcceptReadWrite Dispatcher]: com.aionemu.loginserver.network.gameserver.GsConnection [GsConnection.java:266] - Gameserver connection attemp from: 127.0.0.1
06:42:26.369 INFO [pool-3-thread-1]: com.aionemu.loginserver.network.gameserver.clientpackets.CM_GS_AUTH [CM_GS_AUTH.java:101] - Gameserver #1 is now online.
06:42:31.384 INFO [pool-2-thread-4]: com.aionemu.loginserver.PingPongThread [PingPongThread.java:50] - PingPong for gameserver #1 has started.
06:48:34.525 INFO [pool-2-thread-3]: com.aionemu.loginserver.service.PlayerTransferService [PlayerTransferService.java:70] - PlayerTransfer perform task init. 0 new tasks.
06:55:34.515 INFO [pool-2-thread-6]: com.aionemu.loginserver.service.PlayerTransferService [PlayerTransferService.java:70] - PlayerTransfer perform task init. 0 new tasks.
07:02:34.503 INFO [pool-2-thread-1]: com.aionemu.loginserver.service.PlayerTransferService [PlayerTransferService.java:70] - PlayerTransfer perform task init. 0 new tasks.
07:09:34.489 INFO [pool-2-thread-11]: com.aionemu.loginserver.service.PlayerTransferService [PlayerTransferService.java:70] - PlayerTransfer perform task init. 0 new tasks.
07:16:34.481 INFO [pool-2-thread-8]: com.aionemu.loginserver.service.PlayerTransferService [PlayerTransferService.java:70] - PlayerTransfer perform task init. 0 new tasks.
07:18:55.435 INFO [AcceptReadWrite Dispatcher]: com.aionemu.loginserver.network.aion.LoginConnection [LoginConnection.java:386] - Connection attemp from: 91.66.85.189
07:23:34.472 INFO [pool-2-thread-7]: com.aionemu.loginserver.service.PlayerTransferService [PlayerTransferService.java:70] - PlayerTransfer perform task init. 0 new tasks.
07:30:34.460 INFO [pool-2-thread-11]: com.aionemu.loginserver.service.PlayerTransferService [PlayerTransferService.java:70] - PlayerTransfer perform task init. 0 new tasks.
07:37:34.452 INFO [pool-2-thread-9]: com.aionemu.loginserver.service.PlayerTransferService [PlayerTransferService.java:70] - PlayerTransfer perform task init. 0 new tasks.
07:44:34.449 INFO [pool-2-thread-12]: com.aionemu.loginserver.service.PlayerTransferService [PlayerTransferService.java:70] - PlayerTransfer perform task init. 0 new tasks.
07:51:34.445 INFO [pool-2-thread-9]: com.aionemu.loginserver.service.PlayerTransferService [PlayerTransferService.java:70] - PlayerTransfer perform task init. 0 new tasks.
07:58:34.423 INFO [pool-2-thread-1]: com.aionemu.loginserver.service.PlayerTransferService [PlayerTransferService.java:70] - PlayerTransfer perform task init. 0 new tasks.
08:05:34.415 INFO [pool-2-thread-12]: com.aionemu.loginserver.service.PlayerTransferService [PlayerTransferService.java:70] - PlayerTransfer perform task init. 0 new tasks.
08:12:34.409 INFO [pool-2-thread-8]: com.aionemu.loginserver.service.PlayerTransferService [PlayerTransferService.java:70] - PlayerTransfer perform task init. 0 new tasks.
08:19:34.397 INFO [pool-2-thread-9]: com.aionemu.loginserver.service.PlayerTransferService [PlayerTransferService.java:70] - PlayerTransfer perform task init. 0 new tasks.
08:26:34.403 INFO [pool-2-thread-7]: com.aionemu.loginserver.service.PlayerTransferService [PlayerTransferService.java:70] - PlayerTransfer perform task init. 0 new tasks.
08:33:34.393 INFO [pool-2-thread-3]: com.aionemu.loginserver.service.PlayerTransferService [PlayerTransferService.java:70] - PlayerTransfer perform task init. 0 new tasks.
08:40:34.379 INFO [pool-2-thread-5]: com.aionemu.loginserver.service.PlayerTransferService [PlayerTransferService.java:70] - PlayerTransfer perform task init. 0 new tasks.
08:47:34.376 INFO [pool-2-thread-10]: com.aionemu.loginserver.service.PlayerTransferService [PlayerTransferService.java:70] - PlayerTransfer perform task init. 0 new tasks.
08:54:34.365 INFO [pool-2-thread-6]: com.aionemu.loginserver.service.PlayerTransferService [PlayerTransferService.java:70] - PlayerTransfer perform task init. 0 new tasks.
09:01:34.350 INFO [pool-2-thread-7]: com.aionemu.loginserver.service.PlayerTransferService [PlayerTransferService.java:70] - PlayerTransfer perform task init. 0 new tasks.
09:08:34.349 INFO [pool-2-thread-5]: com.aionemu.loginserver.service.PlayerTransferService [PlayerTransferService.java:70] - PlayerTransfer perform task init. 0 new tasks.
09:15:34.340 INFO [pool-2-thread-8]: com.aionemu.loginserver.service.PlayerTransferService [PlayerTransferService.java:70] - PlayerTransfer perform task init. 0 new tasks.
09:22:34.318 INFO [pool-2-thread-11]: com.aionemu.loginserver.service.PlayerTransferService [PlayerTransferService.java:70] - PlayerTransfer perform task init. 0 new tasks.
09:29:34.316 INFO [pool-2-thread-2]: com.aionemu.loginserver.service.PlayerTransferService [PlayerTransferService.java:70] - PlayerTransfer perform task init. 0 new tasks.
09:36:34.312 INFO [pool-2-thread-6]: com.aionemu.loginserver.service.PlayerTransferService [PlayerTransferService.java:70] - PlayerTransfer perform task init. 0 new tasks.
09:43:34.298 INFO [pool-2-thread-10]: com.aionemu.loginserver.service.PlayerTransferService [PlayerTransferService.java:70] - PlayerTransfer perform task init. 0 new tasks.
09:50:34.284 INFO [pool-2-thread-7]: com.aionemu.loginserver.service.PlayerTransferService [PlayerTransferService.java:70] - PlayerTransfer perform task init. 0 new tasks.
09:57:34.284 INFO [pool-2-thread-6]: com.aionemu.loginserver.service.PlayerTransferService [PlayerTransferService.java:70] - PlayerTransfer perform task init. 0 new tasks.
10:04:34.275 INFO [pool-2-thread-3]: com.aionemu.loginserver.service.PlayerTransferService [PlayerTransferService.java:70] - PlayerTransfer perform task init. 0 new tasks.
10:11:34.269 INFO [pool-2-thread-2]: com.aionemu.loginserver.service.PlayerTransferService [PlayerTransferService.java:70] - PlayerTransfer perform task init. 0 new tasks.
10:18:34.255 INFO [pool-2-thread-7]: com.aionemu.loginserver.service.PlayerTransferService [PlayerTransferService.java:70] - PlayerTransfer perform task init. 0 new tasks.
10:25:34.253 INFO [pool-2-thread-11]: com.aionemu.loginserver.service.PlayerTransferService [PlayerTransferService.java:70] - PlayerTransfer perform task init. 0 new tasks.
10:32:34.244 INFO [pool-2-thread-5]: com.aionemu.loginserver.service.PlayerTransferService [PlayerTransferService.java:70] - PlayerTransfer perform task init. 0 new tasks.
10:39:34.231 INFO [pool-2-thread-6]: com.aionemu.loginserver.service.PlayerTransferService [PlayerTransferService.java:70] - PlayerTransfer perform task init. 0 new tasks.
10:46:34.224 INFO [pool-2-thread-5]: com.aionemu.loginserver.service.PlayerTransferService [PlayerTransferService.java:70] - PlayerTransfer perform task init. 0 new tasks.
10:53:34.214 INFO [pool-2-thread-8]: com.aionemu.loginserver.service.PlayerTransferService [PlayerTransferService.java:70] - PlayerTransfer perform task init. 0 new tasks.
11:00:34.197 INFO [pool-2-thread-3]: com.aionemu.loginserver.service.PlayerTransferService [PlayerTransferService.java:70] - PlayerTransfer perform task init. 0 new tasks.
11:07:34.193 INFO [pool-2-thread-2]: com.aionemu.loginserver.service.PlayerTransferService [PlayerTransferService.java:70] - PlayerTransfer perform task init. 0 new tasks.
11:14:34.189 INFO [pool-2-thread-9]: com.aionemu.loginserver.service.PlayerTransferService [PlayerTransferService.java:70] - PlayerTransfer perform task init. 0 new tasks.
11:21:34.175 INFO [pool-2-thread-1]: com.aionemu.loginserver.service.PlayerTransferService [PlayerTransferService.java:70] - PlayerTransfer perform task init. 0 new tasks.
11:28:34.159 INFO [pool-2-thread-6]: com.aionemu.loginserver.service.PlayerTransferService [PlayerTransferService.java:70] - PlayerTransfer perform task init. 0 new tasks.
11:35:34.156 INFO [pool-2-thread-3]: com.aionemu.loginserver.service.PlayerTransferService [PlayerTransferService.java:70] - PlayerTransfer perform task init. 0 new tasks.
11:42:34.156 INFO [pool-2-thread-7]: com.aionemu.loginserver.service.PlayerTransferService [PlayerTransferService.java:70] - PlayerTransfer perform task init. 0 new tasks.
11:49:34.139 INFO [pool-2-thread-2]: com.aionemu.loginserver.service.PlayerTransferService [PlayerTransferService.java:70] - PlayerTransfer perform task init. 0 new tasks.
11:56:34.127 INFO [pool-2-thread-12]: com.aionemu.loginserver.service.PlayerTransferService [PlayerTransferService.java:70] - PlayerTransfer perform task init. 0 new tasks.
12:03:34.130 INFO [pool-2-thread-1]: com.aionemu.loginserver.service.PlayerTransferService [PlayerTransferService.java:70] - PlayerTransfer perform task init. 0 new tasks.
12:10:34.110 INFO [pool-2-thread-8]: com.aionemu.loginserver.service.PlayerTransferService [PlayerTransferService.java:70] - PlayerTransfer perform task init. 0 new tasks.
12:17:34.111 INFO [pool-2-thread-6]: com.aionemu.loginserver.service.PlayerTransferService [PlayerTransferService.java:70] - PlayerTransfer perform task init. 0 new tasks.
12:24:34.107 INFO [pool-2-thread-9]: com.aionemu.loginserver.service.PlayerTransferService [PlayerTransferService.java:70] - PlayerTransfer perform task init. 0 new tasks.
12:31:34.091 INFO [pool-2-thread-7]: com.aionemu.loginserver.service.PlayerTransferService [PlayerTransferService.java:70] - PlayerTransfer perform task init. 0 new tasks.
12:38:34.080 INFO [pool-2-thread-10]: com.aionemu.loginserver.service.PlayerTransferService [PlayerTransferService.java:70] - PlayerTransfer perform task init. 0 new tasks.
12:45:34.072 INFO [pool-2-thread-11]: com.aionemu.loginserver.service.PlayerTransferService [PlayerTransferService.java:70] - PlayerTransfer perform task init. 0 new tasks.
12:52:34.056 INFO [pool-2-thread-2]: com.aionemu.loginserver.service.PlayerTransferService [PlayerTransferService.java:70] - PlayerTransfer perform task init. 0 new tasks.
12:59:34.054 INFO [pool-2-thread-1]: com.aionemu.loginserver.service.PlayerTransferService [PlayerTransferService.java:70] - PlayerTransfer perform task init. 0 new tasks.
13:06:34.046 INFO [pool-2-thread-12]: com.aionemu.loginserver.service.PlayerTransferService [PlayerTransferService.java:70] - PlayerTransfer perform task init. 0 new tasks.
13:13:34.031 INFO [pool-2-thread-5]: com.aionemu.loginserver.service.PlayerTransferService [PlayerTransferService.java:70] - PlayerTransfer perform task init. 0 new tasks.
13:20:34.028 INFO [pool-2-thread-9]: com.aionemu.loginserver.service.PlayerTransferService [PlayerTransferService.java:70] - PlayerTransfer perform task init. 0 new tasks.
13:27:34.010 INFO [pool-2-thread-5]: com.aionemu.loginserver.service.PlayerTransferService [PlayerTransferService.java:70] - PlayerTransfer perform task init. 0 new tasks.
13:34:34.014 INFO [pool-2-thread-12]: com.aionemu.loginserver.service.PlayerTransferService [PlayerTransferService.java:70] - PlayerTransfer perform task init. 0 new tasks.
13:41:34.002 INFO [pool-2-thread-7]: com.aionemu.loginserver.service.PlayerTransferService [PlayerTransferService.java:70] - PlayerTransfer perform task init. 0 new tasks.
13:48:33.995 INFO [pool-2-thread-2]: com.aionemu.loginserver.service.PlayerTransferService [PlayerTransferService.java:70] - PlayerTransfer perform task init. 0 new tasks.
13:55:33.991 INFO [pool-2-thread-10]: com.aionemu.loginserver.service.PlayerTransferService [PlayerTransferService.java:70] - PlayerTransfer perform task init. 0 new tasks.
14:02:33.974 INFO [pool-2-thread-6]: com.aionemu.loginserver.service.PlayerTransferService [PlayerTransferService.java:70] - PlayerTransfer perform task init. 0 new tasks.
14:09:33.964 INFO [pool-2-thread-12]: com.aionemu.loginserver.service.PlayerTransferService [PlayerTransferService.java:70] - PlayerTransfer perform task init. 0 new tasks.
14:16:33.958 INFO [pool-2-thread-3]: com.aionemu.loginserver.service.PlayerTransferService [PlayerTransferService.java:70] - PlayerTransfer perform task init. 0 new tasks.
14:23:33.941 INFO [pool-2-thread-7]: com.aionemu.loginserver.service.PlayerTransferService [PlayerTransferService.java:70] - PlayerTransfer perform task init. 0 new tasks.
14:30:33.941 INFO [pool-2-thread-2]: com.aionemu.loginserver.service.PlayerTransferService [PlayerTransferService.java:70] - PlayerTransfer perform task init. 0 new tasks.
14:37:33.934 INFO [pool-2-thread-1]: com.aionemu.loginserver.service.PlayerTransferService [PlayerTransferService.java:70] - PlayerTransfer perform task init. 0 new tasks.
14:44:33.926 INFO [pool-2-thread-9]: com.aionemu.loginserver.service.PlayerTransferService [PlayerTransferService.java:70] - PlayerTransfer perform task init. 0 new tasks.
14:51:33.916 INFO [pool-2-thread-12]: com.aionemu.loginserver.service.PlayerTransferService [PlayerTransferService.java:70] - PlayerTransfer perform task init. 0 new tasks.
14:58:33.908 INFO [pool-2-thread-6]: com.aionemu.loginserver.service.PlayerTransferService [PlayerTransferService.java:70] - PlayerTransfer perform task init. 0 new tasks.
15:05:33.898 INFO [pool-2-thread-8]: com.aionemu.loginserver.service.PlayerTransferService [PlayerTransferService.java:70] - PlayerTransfer perform task init. 0 new tasks.
15:12:33.890 INFO [pool-2-thread-11]: com.aionemu.loginserver.service.PlayerTransferService [PlayerTransferService.java:70] - PlayerTransfer perform task init. 0 new tasks.
15:19:33.883 INFO [pool-2-thread-5]: com.aionemu.loginserver.service.PlayerTransferService [PlayerTransferService.java:70] - PlayerTransfer perform task init. 0 new tasks.
15:26:33.872 INFO [pool-2-thread-2]: com.aionemu.loginserver.service.PlayerTransferService [PlayerTransferService.java:70] - PlayerTransfer perform task init. 0 new tasks.
15:33:33.869 INFO [pool-2-thread-1]: com.aionemu.loginserver.service.PlayerTransferService [PlayerTransferService.java:70] - PlayerTransfer perform task init. 0 new tasks.
15:40:33.861 INFO [pool-2-thread-7]: com.aionemu.loginserver.service.PlayerTransferService [PlayerTransferService.java:70] - PlayerTransfer perform task init. 0 new tasks.
15:47:33.844 INFO [pool-2-thread-1]: com.aionemu.loginserver.service.PlayerTransferService [PlayerTransferService.java:70] - PlayerTransfer perform task init. 0 new tasks.
15:54:33.828 INFO [pool-2-thread-9]: com.aionemu.loginserver.service.PlayerTransferService [PlayerTransferService.java:70] - PlayerTransfer perform task init. 0 new tasks.
16:01:33.832 INFO [pool-2-thread-5]: com.aionemu.loginserver.service.PlayerTransferService [PlayerTransferService.java:70] - PlayerTransfer perform task init. 0 new tasks.
16:08:33.817 INFO [pool-2-thread-8]: com.aionemu.loginserver.service.PlayerTransferService [PlayerTransferService.java:70] - PlayerTransfer perform task init. 0 new tasks.
16:15:33.801 INFO [pool-2-thread-3]: com.aionemu.loginserver.service.PlayerTransferService [PlayerTransferService.java:70] - PlayerTransfer perform task init. 0 new tasks.
16:22:33.797 INFO [pool-2-thread-6]: com.aionemu.loginserver.service.PlayerTransferService [PlayerTransferService.java:70] - PlayerTransfer perform task init. 0 new tasks.
16:29:33.796 INFO [pool-2-thread-5]: com.aionemu.loginserver.service.PlayerTransferService [PlayerTransferService.java:70] - PlayerTransfer perform task init. 0 new tasks.
16:36:33.777 INFO [pool-2-thread-1]: com.aionemu.loginserver.service.PlayerTransferService [PlayerTransferService.java:70] - PlayerTransfer perform task init. 0 new tasks.
16:43:33.772 INFO [pool-2-thread-12]: com.aionemu.loginserver.service.PlayerTransferService [PlayerTransferService.java:70] - PlayerTransfer perform task init. 0 new tasks.
16:50:33.772 INFO [pool-2-thread-5]: com.aionemu.loginserver.service.PlayerTransferService [PlayerTransferService.java:70] - PlayerTransfer perform task init. 0 new tasks.
16:57:33.759 INFO [pool-2-thread-8]: com.aionemu.loginserver.service.PlayerTransferService [PlayerTransferService.java:70] - PlayerTransfer perform task init. 0 new tasks.
17:04:33.749 INFO [pool-2-thread-6]: com.aionemu.loginserver.service.PlayerTransferService [PlayerTransferService.java:70] - PlayerTransfer perform task init. 0 new tasks.
17:11:33.732 INFO [pool-2-thread-11]: com.aionemu.loginserver.service.PlayerTransferService [PlayerTransferService.java:70] - PlayerTransfer perform task init. 0 new tasks.
17:18:33.730 INFO [pool-2-thread-9]: com.aionemu.loginserver.service.PlayerTransferService [PlayerTransferService.java:70] - PlayerTransfer perform task init. 0 new tasks.
17:25:33.726 INFO [pool-2-thread-3]: com.aionemu.loginserver.service.PlayerTransferService [PlayerTransferService.java:70] - PlayerTransfer perform task init. 0 new tasks.
17:32:33.710 INFO [pool-2-thread-10]: com.aionemu.loginserver.service.PlayerTransferService [PlayerTransferService.java:70] - PlayerTransfer perform task init. 0 new tasks.
17:39:33.703 INFO [pool-2-thread-5]: com.aionemu.loginserver.service.PlayerTransferService [PlayerTransferService.java:70] - PlayerTransfer perform task init. 0 new tasks.
17:46:33.696 INFO [pool-2-thread-9]: com.aionemu.loginserver.service.PlayerTransferService [PlayerTransferService.java:70] - PlayerTransfer perform task init. 0 new tasks.
17:53:33.679 INFO [pool-2-thread-1]: com.aionemu.loginserver.service.PlayerTransferService [PlayerTransferService.java:70] - PlayerTransfer perform task init. 0 new tasks.
18:00:33.676 INFO [pool-2-thread-8]: com.aionemu.loginserver.service.PlayerTransferService [PlayerTransferService.java:70] - PlayerTransfer perform task init. 0 new tasks.
18:07:33.664 INFO [pool-2-thread-7]: com.aionemu.loginserver.service.PlayerTransferService [PlayerTransferService.java:70] - PlayerTransfer perform task init. 0 new tasks.
18:14:33.659 INFO [pool-2-thread-6]: com.aionemu.loginserver.service.PlayerTransferService [PlayerTransferService.java:70] - PlayerTransfer perform task init. 0 new tasks.
18:21:33.649 INFO [pool-2-thread-3]: com.aionemu.loginserver.service.PlayerTransferService [PlayerTransferService.java:70] - PlayerTransfer perform task init. 0 new tasks.
18:28:33.634 INFO [pool-2-thread-11]: com.aionemu.loginserver.service.PlayerTransferService [PlayerTransferService.java:70] - PlayerTransfer perform task init. 0 new tasks.
18:35:33.637 INFO [pool-2-thread-6]: com.aionemu.loginserver.service.PlayerTransferService [PlayerTransferService.java:70] - PlayerTransfer perform task init. 0 new tasks.
18:42:33.624 INFO [pool-2-thread-7]: com.aionemu.loginserver.service.PlayerTransferService [PlayerTransferService.java:70] - PlayerTransfer perform task init. 0 new tasks.
18:49:33.617 INFO [pool-2-thread-10]: com.aionemu.loginserver.service.PlayerTransferService [PlayerTransferService.java:70] - PlayerTransfer perform task init. 0 new tasks.
18:56:33.602 INFO [pool-2-thread-8]: com.aionemu.loginserver.service.PlayerTransferService [PlayerTransferService.java:70] - PlayerTransfer perform task init. 0 new tasks.
19:03:33.601 INFO [pool-2-thread-9]: com.aionemu.loginserver.service.PlayerTransferService [PlayerTransferService.java:70] - PlayerTransfer perform task init. 0 new tasks.
19:10:33.587 INFO [pool-2-thread-12]: com.aionemu.loginserver.service.PlayerTransferService [PlayerTransferService.java:70] - PlayerTransfer perform task init. 0 new tasks.
19:17:33.585 INFO [pool-2-thread-1]: com.aionemu.loginserver.service.PlayerTransferService [PlayerTransferService.java:70] - PlayerTransfer perform task init. 0 new tasks.
19:24:33.566 INFO [pool-2-thread-5]: com.aionemu.loginserver.service.PlayerTransferService [PlayerTransferService.java:70] - PlayerTransfer perform task init. 0 new tasks.
19:31:33.558 INFO [pool-2-thread-6]: com.aionemu.loginserver.service.PlayerTransferService [PlayerTransferService.java:70] - PlayerTransfer perform task init. 0 new tasks.
19:38:33.547 INFO [pool-2-thread-12]: com.aionemu.loginserver.service.PlayerTransferService [PlayerTransferService.java:70] - PlayerTransfer perform task init. 0 new tasks.
19:44:18.265 INFO [AcceptReadWrite Dispatcher]: com.aionemu.loginserver.network.aion.LoginConnection [LoginConnection.java:386] - Connection attemp from: 91.66.85.189
19:45:33.539 INFO [pool-2-thread-10]: com.aionemu.loginserver.service.PlayerTransferService [PlayerTransferService.java:70] - PlayerTransfer perform task init. 0 new tasks.
19:52:33.529 INFO [pool-2-thread-9]: com.aionemu.loginserver.service.PlayerTransferService [PlayerTransferService.java:70] - PlayerTransfer perform task init. 0 new tasks.
19:59:33.525 INFO [pool-2-thread-7]: com.aionemu.loginserver.service.PlayerTransferService [PlayerTransferService.java:70] - PlayerTransfer perform task init. 0 new tasks.
20:06:33.518 INFO [pool-2-thread-12]: com.aionemu.loginserver.service.PlayerTransferService [PlayerTransferService.java:70] - PlayerTransfer perform task init. 0 new tasks.
20:11:03.059 INFO [pool-3-thread-4]: PREMIUM_CTRL [PremiumController.java:74] - Acount 1 succed in purchasing lot #1 for 1000 from server #1
20:11:13.198 INFO [pool-3-thread-3]: PREMIUM_CTRL [PremiumController.java:74] - Acount 1 succed in purchasing lot #2 for 1000 from server #1
20:13:33.511 INFO [pool-2-thread-3]: com.aionemu.loginserver.service.PlayerTransferService [PlayerTransferService.java:70] - PlayerTransfer perform task init. 0 new tasks.
20:20:33.493 INFO [pool-2-thread-6]: com.aionemu.loginserver.service.PlayerTransferService [PlayerTransferService.java:70] - PlayerTransfer perform task init. 0 new tasks.
20:27:33.491 INFO [pool-2-thread-2]: com.aionemu.loginserver.service.PlayerTransferService [PlayerTransferService.java:70] - PlayerTransfer perform task init. 0 new tasks.
20:34:33.481 INFO [pool-2-thread-9]: com.aionemu.loginserver.service.PlayerTransferService [PlayerTransferService.java:70] - PlayerTransfer perform task init. 0 new tasks.
20:41:33.469 INFO [pool-2-thread-8]: com.aionemu.loginserver.service.PlayerTransferService [PlayerTransferService.java:70] - PlayerTransfer perform task init. 0 new tasks.
20:48:33.471 INFO [pool-2-thread-6]: com.aionemu.loginserver.service.PlayerTransferService [PlayerTransferService.java:70] - PlayerTransfer perform task init. 0 new tasks.
20:55:33.448 INFO [pool-2-thread-5]: com.aionemu.loginserver.service.PlayerTransferService [PlayerTransferService.java:70] - PlayerTransfer perform task init. 0 new tasks.
21:02:33.447 INFO [pool-2-thread-6]: com.aionemu.loginserver.service.PlayerTransferService [PlayerTransferService.java:70] - PlayerTransfer perform task init. 0 new tasks.
21:09:33.433 INFO [pool-2-thread-1]: com.aionemu.loginserver.service.PlayerTransferService [PlayerTransferService.java:70] - PlayerTransfer perform task init. 0 new tasks.
21:16:33.437 INFO [pool-2-thread-10]: com.aionemu.loginserver.service.PlayerTransferService [PlayerTransferService.java:70] - PlayerTransfer perform task init. 0 new tasks.
21:23:33.418 INFO [pool-2-thread-7]: com.aionemu.loginserver.service.PlayerTransferService [PlayerTransferService.java:70] - PlayerTransfer perform task init. 0 new tasks.
21:30:33.415 INFO [pool-2-thread-3]: com.aionemu.loginserver.service.PlayerTransferService [PlayerTransferService.java:70] - PlayerTransfer perform task init. 0 new tasks.
21:37:33.403 INFO [pool-2-thread-2]: com.aionemu.loginserver.service.PlayerTransferService [PlayerTransferService.java:70] - PlayerTransfer perform task init. 0 new tasks.
21:44:33.394 INFO [pool-2-thread-5]: com.aionemu.loginserver.service.PlayerTransferService [PlayerTransferService.java:70] - PlayerTransfer perform task init. 0 new tasks.
21:51:33.387 INFO [pool-2-thread-1]: com.aionemu.loginserver.service.PlayerTransferService [PlayerTransferService.java:70] - PlayerTransfer perform task init. 0 new tasks.
21:58:33.369 INFO [pool-2-thread-12]: com.aionemu.loginserver.service.PlayerTransferService [PlayerTransferService.java:70] - PlayerTransfer perform task init. 0 new tasks.
22:05:33.369 INFO [pool-2-thread-7]: com.aionemu.loginserver.service.PlayerTransferService [PlayerTransferService.java:70] - PlayerTransfer perform task init. 0 new tasks.
22:09:26.184 INFO [pool-5-thread-1]: com.aionemu.loginserver.network.gameserver.GsConnection [GsConnection.java:140] - GameServer [ID:1] 127.0.0.1 disconnected
22:09:28.893 WARN [pool-2-thread-4]: com.aionemu.commons.utils.concurrent.ExecuteWrapper [ExecuteWrapper.java:63] - class com.aionemu.loginserver.PingPongThread - execution time: 55618672msec
22:10:32.166 INFO [AcceptReadWrite Dispatcher]: com.aionemu.loginserver.network.gameserver.GsConnection [GsConnection.java:266] - Gameserver connection attemp from: 127.0.0.1
22:10:32.166 INFO [pool-3-thread-1]: com.aionemu.loginserver.network.gameserver.clientpackets.CM_GS_AUTH [CM_GS_AUTH.java:101] - Gameserver #1 is now online.
22:10:37.181 INFO [pool-2-thread-2]: com.aionemu.loginserver.PingPongThread [PingPongThread.java:50] - PingPong for gameserver #1 has started.
22:12:33.352 INFO [pool-2-thread-10]: com.aionemu.loginserver.service.PlayerTransferService [PlayerTransferService.java:70] - PlayerTransfer perform task init. 0 new tasks.
